sample-chat/build/outputs/logs/manifest-merger-release-report.txt
-- Merging decision tree log ---
manifest
ADDED from AndroidManifest.xml:2:1
	xmlns:android
		ADDED from AndroidManifest.xml:2:11
	package
		ADDED from AndroidManifest.xml:3:5
	android:versionName
		ADDED from AndroidManifest.xml:5:5
	android:versionCode
		ADDED from AndroidManifest.xml:4:5
		INJECTED from AndroidManifest.xml:0:0
		INJECTED from AndroidManifest.xml:0:0
uses-sdk
ADDED from AndroidManifest.xml:7:5
MERGED from com.google.android.gms:play-services:4.2.42:7:5
MERGED from com.android.support:appcompat-v7:19.0.0:18:5
MERGED from quickblox-android-sdk-master:pull-to-refresh:0.4-SNAPSHOT:7:5
	android:targetSdkVersion
		ADDED from AndroidManifest.xml:9:9
	android:minSdkVersion
		ADDED from AndroidManifest.xml:8:9
uses-permission#android.permission.INTERNET
ADDED from AndroidManifest.xml:11:5
	android:name
		ADDED from AndroidManifest.xml:11:22
uses-permission#android.permission.READ_PHONE_STATE
ADDED from AndroidManifest.xml:12:5
	android:name
		ADDED from AndroidManifest.xml:12:22
application
ADDED from AndroidManifest.xml:14:5
MERGED from com.android.support:appcompat-v7:19.0.0:19:5
MERGED from quickblox-android-sdk-master:pull-to-refresh:0.4-SNAPSHOT:9:5
	android:label
		ADDED from AndroidManifest.xml:17:9
	android:icon
		ADDED from AndroidManifest.xml:16:9
	android:theme
		ADDED from AndroidManifest.xml:19:9
	android:name
		ADDED from AndroidManifest.xml:15:9
activity#com.quickblox.sample.chat.ui.activities.SplashActivity
ADDED from AndroidManifest.xml:20:9
	android:screenOrientation
		ADDED from AndroidManifest.xml:24:13
	android:label
		ADDED from AndroidManifest.xml:23:13
	android:configChanges
		ADDED from AndroidManifest.xml:22:13
	android:name
		ADDED from AndroidManifest.xml:21:13
intent-filter#android.intent.action.MAIN+android.intent.category.LAUNCHER
ADDED from AndroidManifest.xml:25:13
action#android.intent.action.MAIN
ADDED from AndroidManifest.xml:26:17
	android:name
		ADDED from AndroidManifest.xml:26:25
category#android.intent.category.LAUNCHER
ADDED from AndroidManifest.xml:27:17
	android:name
		ADDED from AndroidManifest.xml:27:27
activity#com.quickblox.sample.chat.ui.activities.NewDialogActivity
ADDED from AndroidManifest.xml:30:9
	android:screenOrientation
		ADDED from AndroidManifest.xml:33:13
	android:configChanges
		ADDED from AndroidManifest.xml:32:13
	android:name
		ADDED from AndroidManifest.xml:31:13
activity#com.quickblox.sample.chat.ui.activities.DialogsActivity
ADDED from AndroidManifest.xml:34:9
	android:screenOrientation
		ADDED from AndroidManifest.xml:37:13
	android:configChanges
		ADDED from AndroidManifest.xml:36:13
	android:name
		ADDED from AndroidManifest.xml:35:13
activity#com.quickblox.sample.chat.ui.activities.ChatActivity
ADDED from AndroidManifest.xml:38:9
	android:windowSoftInputMode
		ADDED from AndroidManifest.xml:42:13
	android:screenOrientation
		ADDED from AndroidManifest.xml:41:13
	android:configChanges
		ADDED from AndroidManifest.xml:40:13
	android:name
		ADDED from AndroidManifest.xml:39:13
receiver#com.quickblox.sample.chat.pushnotifications.GcmBroadcastReceiver
ADDED from AndroidManifest.xml:48:9
	android:permission
		ADDED from AndroidManifest.xml:50:13
	android:name
		ADDED from AndroidManifest.xml:49:13
intent-filter#com.google.android.c2dm.intent.RECEIVE+com.google.android.c2dm.intent.REGISTRATION+com.quickblox.simplesample.messages
ADDED from AndroidManifest.xml:51:13
action#com.google.android.c2dm.intent.RECEIVE
ADDED from AndroidManifest.xml:52:17
	android:name
		ADDED from AndroidManifest.xml:52:25
action#com.google.android.c2dm.intent.REGISTRATION
ADDED from AndroidManifest.xml:53:17
	android:name
		ADDED from AndroidManifest.xml:53:25
category#com.quickblox.simplesample.messages
ADDED from AndroidManifest.xml:55:17
	android:name
		ADDED from AndroidManifest.xml:55:27
service#com.quickblox.sample.chat.pushnotifications.GCMIntentService
ADDED from AndroidManifest.xml:60:9
	android:name
		ADDED from AndroidManifest.xml:60:18
meta-data#com.google.android.gms.version
ADDED from AndroidManifest.xml:62:9
	android:name
		ADDED from AndroidManifest.xml:63:13
	android:value
		ADDED from AndroidManifest.xml:64:13
permission#com.quickblox.simplesample.messages.permission.C2D_MESSAGE
ADDED from AndroidManifest.xml:72:5
	android:protectionLevel
		ADDED from AndroidManifest.xml:74:9
	android:name
		ADDED from AndroidManifest.xml:73:9
uses-permission#com.quickblox.simplesample.messages.permission.C2D_MESSAGE
ADDED from AndroidManifest.xml:75:5
	android:name
		ADDED from AndroidManifest.xml:75:22
uses-permission#com.google.android.c2dm.permission.RECEIVE
ADDED from AndroidManifest.xml:79:5
	android:name
		ADDED from AndroidManifest.xml:79:22
uses-permission#android.permission.GET_ACCOUNTS
ADDED from AndroidManifest.xml:83:5
	android:name
		ADDED from AndroidManifest.xml:83:22
uses-permission#android.permission.WAKE_LOCK
ADDED from AndroidManifest.xml:85:5
	android:name
		ADDED from AndroidManifest.xml:85:22